[2.503s] Invoking command in '/root/deepracer_ws/aws-deepracer-follow-the-leader-sample-project/deepracer_follow_the_leader_ws/aws-deepracer-usb-monitor-pkg/usb_monitor_pkg': AMENT_PREFIX_PATH=/root/deepracer_ws/aws-deepracer-follow-the-leader-sample-project/deepracer_follow_the_leader_ws/install/deepracer_interfaces_pkg:${AMENT_PREFIX_PATH} CMAKE_PREFIX_PATH=/root/deepracer_ws/aws-deepracer-follow-the-leader-sample-project/deepracer_follow_the_leader_ws/install/deepracer_interfaces_pkg LD_LIBRARY_PATH=/root/deepracer_ws/aws-deepracer-follow-the-leader-sample-project/deepracer_follow_the_leader_ws/install/deepracer_interfaces_pkg/lib:${LD_LIBRARY_PATH} PYTHONPATH=/root/deepracer_ws/aws-deepracer-follow-the-leader-sample-project/deepracer_follow_the_leader_ws/build/usb_monitor_pkg/prefix_override:/root/deepracer_ws/aws-deepracer-follow-the-leader-sample-project/deepracer_follow_the_leader_ws/install/usb_monitor_pkg/lib/python3.8/site-packages:/root/deepracer_ws/aws-deepracer-follow-the-leader-sample-project/deepracer_follow_the_leader_ws/install/deepracer_interfaces_pkg/lib/python3.8/site-packages:${PYTHONPATH} /usr/bin/python3 -W ignore:setup.py install is deprecated setup.py egg_info --egg-base ../../build/usb_monitor_pkg build --build-base /root/deepracer_ws/aws-deepracer-follow-the-leader-sample-project/deepracer_follow_the_leader_ws/build/usb_monitor_pkg/build install --record /root/deepracer_ws/aws-deepracer-follow-the-leader-sample-project/deepracer_follow_the_leader_ws/build/usb_monitor_pkg/install.log --install-scripts $base/lib/usb_monitor_pkg --single-version-externally-managed install_data
[3.398s] running egg_info
[3.402s] creating ../../build/usb_monitor_pkg/usb_monitor_pkg.egg-info
[3.403s] writing ../../build/usb_monitor_pkg/usb_monitor_pkg.egg-info/PKG-INFO
[3.405s] writing dependency_links to ../../build/usb_monitor_pkg/usb_monitor_pkg.egg-info/dependency_links.txt
[3.406s] writing entry points to ../../build/usb_monitor_pkg/usb_monitor_pkg.egg-info/entry_points.txt
[3.408s] writing requirements to ../../build/usb_monitor_pkg/usb_monitor_pkg.egg-info/requires.txt
[3.409s] writing top-level names to ../../build/usb_monitor_pkg/usb_monitor_pkg.egg-info/top_level.txt
[3.414s] writing manifest file '../../build/usb_monitor_pkg/usb_monitor_pkg.egg-info/SOURCES.txt'
[3.538s] reading manifest file '../../build/usb_monitor_pkg/usb_monitor_pkg.egg-info/SOURCES.txt'
[3.542s] writing manifest file '../../build/usb_monitor_pkg/usb_monitor_pkg.egg-info/SOURCES.txt'
[3.544s] running build
[3.544s] running build_py
[3.546s] creating /root/deepracer_ws/aws-deepracer-follow-the-leader-sample-project/deepracer_follow_the_leader_ws/build/usb_monitor_pkg/build
[3.547s] creating /root/deepracer_ws/aws-deepracer-follow-the-leader-sample-project/deepracer_follow_the_leader_ws/build/usb_monitor_pkg/build/lib
[3.548s] creating /root/deepracer_ws/aws-deepracer-follow-the-leader-sample-project/deepracer_follow_the_leader_ws/build/usb_monitor_pkg/build/lib/usb_monitor_pkg
[3.549s] copying usb_monitor_pkg/__init__.py -> /root/deepracer_ws/aws-deepracer-follow-the-leader-sample-project/deepracer_follow_the_leader_ws/build/usb_monitor_pkg/build/lib/usb_monitor_pkg
[3.550s] copying usb_monitor_pkg/constants.py -> /root/deepracer_ws/aws-deepracer-follow-the-leader-sample-project/deepracer_follow_the_leader_ws/build/usb_monitor_pkg/build/lib/usb_monitor_pkg
[3.552s] copying usb_monitor_pkg/mount_point_tracker.py -> /root/deepracer_ws/aws-deepracer-follow-the-leader-sample-project/deepracer_follow_the_leader_ws/build/usb_monitor_pkg/build/lib/usb_monitor_pkg
[3.553s] copying usb_monitor_pkg/usb_monitor_node.py -> /root/deepracer_ws/aws-deepracer-follow-the-leader-sample-project/deepracer_follow_the_leader_ws/build/usb_monitor_pkg/build/lib/usb_monitor_pkg
[3.556s] running install
[3.560s] running install_lib
[3.564s] creating /root/deepracer_ws/aws-deepracer-follow-the-leader-sample-project/deepracer_follow_the_leader_ws/install/usb_monitor_pkg/lib/python3.8/site-packages/usb_monitor_pkg
[3.566s] copying /root/deepracer_ws/aws-deepracer-follow-the-leader-sample-project/deepracer_follow_the_leader_ws/build/usb_monitor_pkg/build/lib/usb_monitor_pkg/__init__.py -> /root/deepracer_ws/aws-deepracer-follow-the-leader-sample-project/deepracer_follow_the_leader_ws/install/usb_monitor_pkg/lib/python3.8/site-packages/usb_monitor_pkg
[3.567s] copying /root/deepracer_ws/aws-deepracer-follow-the-leader-sample-project/deepracer_follow_the_leader_ws/build/usb_monitor_pkg/build/lib/usb_monitor_pkg/constants.py -> /root/deepracer_ws/aws-deepracer-follow-the-leader-sample-project/deepracer_follow_the_leader_ws/install/usb_monitor_pkg/lib/python3.8/site-packages/usb_monitor_pkg
[3.569s] copying /root/deepracer_ws/aws-deepracer-follow-the-leader-sample-project/deepracer_follow_the_leader_ws/build/usb_monitor_pkg/build/lib/usb_monitor_pkg/mount_point_tracker.py -> /root/deepracer_ws/aws-deepracer-follow-the-leader-sample-project/deepracer_follow_the_leader_ws/install/usb_monitor_pkg/lib/python3.8/site-packages/usb_monitor_pkg
[3.570s] copying /root/deepracer_ws/aws-deepracer-follow-the-leader-sample-project/deepracer_follow_the_leader_ws/build/usb_monitor_pkg/build/lib/usb_monitor_pkg/usb_monitor_node.py -> /root/deepracer_ws/aws-deepracer-follow-the-leader-sample-project/deepracer_follow_the_leader_ws/install/usb_monitor_pkg/lib/python3.8/site-packages/usb_monitor_pkg
[3.573s] byte-compiling /root/deepracer_ws/aws-deepracer-follow-the-leader-sample-project/deepracer_follow_the_leader_ws/install/usb_monitor_pkg/lib/python3.8/site-packages/usb_monitor_pkg/__init__.py to __init__.cpython-38.pyc
[3.579s] byte-compiling /root/deepracer_ws/aws-deepracer-follow-the-leader-sample-project/deepracer_follow_the_leader_ws/install/usb_monitor_pkg/lib/python3.8/site-packages/usb_monitor_pkg/constants.py to constants.cpython-38.pyc
[3.581s] byte-compiling /root/deepracer_ws/aws-deepracer-follow-the-leader-sample-project/deepracer_follow_the_leader_ws/install/usb_monitor_pkg/lib/python3.8/site-packages/usb_monitor_pkg/mount_point_tracker.py to mount_point_tracker.cpython-38.pyc
[3.585s] byte-compiling /root/deepracer_ws/aws-deepracer-follow-the-leader-sample-project/deepracer_follow_the_leader_ws/install/usb_monitor_pkg/lib/python3.8/site-packages/usb_monitor_pkg/usb_monitor_node.py to usb_monitor_node.cpython-38.pyc
[3.590s] running install_data
[3.591s] creating /root/deepracer_ws/aws-deepracer-follow-the-leader-sample-project/deepracer_follow_the_leader_ws/install/usb_monitor_pkg/share/ament_index
[3.592s] creating /root/deepracer_ws/aws-deepracer-follow-the-leader-sample-project/deepracer_follow_the_leader_ws/install/usb_monitor_pkg/share/ament_index/resource_index
[3.593s] creating /root/deepracer_ws/aws-deepracer-follow-the-leader-sample-project/deepracer_follow_the_leader_ws/install/usb_monitor_pkg/share/ament_index/resource_index/packages
[3.594s] copying resource/usb_monitor_pkg -> /root/deepracer_ws/aws-deepracer-follow-the-leader-sample-project/deepracer_follow_the_leader_ws/install/usb_monitor_pkg/share/ament_index/resource_index/packages
[3.595s] copying package.xml -> /root/deepracer_ws/aws-deepracer-follow-the-leader-sample-project/deepracer_follow_the_leader_ws/install/usb_monitor_pkg/share/usb_monitor_pkg
[3.597s] copying launch/usb_monitor_pkg_launch.py -> /root/deepracer_ws/aws-deepracer-follow-the-leader-sample-project/deepracer_follow_the_leader_ws/install/usb_monitor_pkg/share/usb_monitor_pkg
[3.598s] running install_egg_info
[3.604s] Copying ../../build/usb_monitor_pkg/usb_monitor_pkg.egg-info to /root/deepracer_ws/aws-deepracer-follow-the-leader-sample-project/deepracer_follow_the_leader_ws/install/usb_monitor_pkg/lib/python3.8/site-packages/usb_monitor_pkg-0.0.1-py3.8.egg-info
[3.608s] running install_scripts
[3.671s] Installing usb_monitor_node script to /root/deepracer_ws/aws-deepracer-follow-the-leader-sample-project/deepracer_follow_the_leader_ws/install/usb_monitor_pkg/lib/usb_monitor_pkg
[3.674s] writing list of installed files to '/root/deepracer_ws/aws-deepracer-follow-the-leader-sample-project/deepracer_follow_the_leader_ws/build/usb_monitor_pkg/install.log'
[3.756s] Invoked command in '/root/deepracer_ws/aws-deepracer-follow-the-leader-sample-project/deepracer_follow_the_leader_ws/aws-deepracer-usb-monitor-pkg/usb_monitor_pkg' returned '0': AMENT_PREFIX_PATH=/root/deepracer_ws/aws-deepracer-follow-the-leader-sample-project/deepracer_follow_the_leader_ws/install/deepracer_interfaces_pkg:${AMENT_PREFIX_PATH} CMAKE_PREFIX_PATH=/root/deepracer_ws/aws-deepracer-follow-the-leader-sample-project/deepracer_follow_the_leader_ws/install/deepracer_interfaces_pkg LD_LIBRARY_PATH=/root/deepracer_ws/aws-deepracer-follow-the-leader-sample-project/deepracer_follow_the_leader_ws/install/deepracer_interfaces_pkg/lib:${LD_LIBRARY_PATH} PYTHONPATH=/root/deepracer_ws/aws-deepracer-follow-the-leader-sample-project/deepracer_follow_the_leader_ws/build/usb_monitor_pkg/prefix_override:/root/deepracer_ws/aws-deepracer-follow-the-leader-sample-project/deepracer_follow_the_leader_ws/install/usb_monitor_pkg/lib/python3.8/site-packages:/root/deepracer_ws/aws-deepracer-follow-the-leader-sample-project/deepracer_follow_the_leader_ws/install/deepracer_interfaces_pkg/lib/python3.8/site-packages:${PYTHONPATH} /usr/bin/python3 -W ignore:setup.py install is deprecated setup.py egg_info --egg-base ../../build/usb_monitor_pkg build --build-base /root/deepracer_ws/aws-deepracer-follow-the-leader-sample-project/deepracer_follow_the_leader_ws/build/usb_monitor_pkg/build install --record /root/deepracer_ws/aws-deepracer-follow-the-leader-sample-project/deepracer_follow_the_leader_ws/build/usb_monitor_pkg/install.log --install-scripts $base/lib/usb_monitor_pkg --single-version-externally-managed install_data
