[4.519s] Invoking command in '/root/deepracer_ws/aws-deepracer-follow-the-leader-sample-project/deepracer_follow_the_leader_ws/ftl_navigation_pkg': AMENT_PREFIX_PATH=/root/deepracer_ws/aws-deepracer-follow-the-leader-sample-project/deepracer_follow_the_leader_ws/install/deepracer_interfaces_pkg:${AMENT_PREFIX_PATH} CMAKE_PREFIX_PATH=/root/deepracer_ws/aws-deepracer-follow-the-leader-sample-project/deepracer_follow_the_leader_ws/install/deepracer_interfaces_pkg LD_LIBRARY_PATH=/root/deepracer_ws/aws-deepracer-follow-the-leader-sample-project/deepracer_follow_the_leader_ws/install/deepracer_interfaces_pkg/lib:${LD_LIBRARY_PATH} PYTHONPATH=/root/deepracer_ws/aws-deepracer-follow-the-leader-sample-project/deepracer_follow_the_leader_ws/build/ftl_navigation_pkg/prefix_override:/root/deepracer_ws/aws-deepracer-follow-the-leader-sample-project/deepracer_follow_the_leader_ws/install/ftl_navigation_pkg/lib/python3.8/site-packages:/root/deepracer_ws/aws-deepracer-follow-the-leader-sample-project/deepracer_follow_the_leader_ws/install/deepracer_interfaces_pkg/lib/python3.8/site-packages:${PYTHONPATH} /usr/bin/python3 -W ignore:setup.py install is deprecated setup.py egg_info --egg-base ../build/ftl_navigation_pkg build --build-base /root/deepracer_ws/aws-deepracer-follow-the-leader-sample-project/deepracer_follow_the_leader_ws/build/ftl_navigation_pkg/build install --record /root/deepracer_ws/aws-deepracer-follow-the-leader-sample-project/deepracer_follow_the_leader_ws/build/ftl_navigation_pkg/install.log --install-scripts $base/lib/ftl_navigation_pkg --single-version-externally-managed install_data
[5.603s] running egg_info
[5.605s] writing ../build/ftl_navigation_pkg/ftl_navigation_pkg.egg-info/PKG-INFO
[5.607s] writing dependency_links to ../build/ftl_navigation_pkg/ftl_navigation_pkg.egg-info/dependency_links.txt
[5.607s] writing entry points to ../build/ftl_navigation_pkg/ftl_navigation_pkg.egg-info/entry_points.txt
[5.608s] writing requirements to ../build/ftl_navigation_pkg/ftl_navigation_pkg.egg-info/requires.txt
[5.609s] writing top-level names to ../build/ftl_navigation_pkg/ftl_navigation_pkg.egg-info/top_level.txt
[5.767s] reading manifest file '../build/ftl_navigation_pkg/ftl_navigation_pkg.egg-info/SOURCES.txt'
[5.771s] writing manifest file '../build/ftl_navigation_pkg/ftl_navigation_pkg.egg-info/SOURCES.txt'
[5.771s] running build
[5.772s] running build_py
[5.773s] running install
[5.777s] running install_lib
[5.790s] running install_data
[5.791s] running install_egg_info
[5.803s] removing '/root/deepracer_ws/aws-deepracer-follow-the-leader-sample-project/deepracer_follow_the_leader_ws/install/ftl_navigation_pkg/lib/python3.8/site-packages/ftl_navigation_pkg-0.0.1-py3.8.egg-info' (and everything under it)
[5.804s] Copying ../build/ftl_navigation_pkg/ftl_navigation_pkg.egg-info to /root/deepracer_ws/aws-deepracer-follow-the-leader-sample-project/deepracer_follow_the_leader_ws/install/ftl_navigation_pkg/lib/python3.8/site-packages/ftl_navigation_pkg-0.0.1-py3.8.egg-info
[5.809s] running install_scripts
[5.888s] Installing ftl_navigation_node script to /root/deepracer_ws/aws-deepracer-follow-the-leader-sample-project/deepracer_follow_the_leader_ws/install/ftl_navigation_pkg/lib/ftl_navigation_pkg
[5.890s] writing list of installed files to '/root/deepracer_ws/aws-deepracer-follow-the-leader-sample-project/deepracer_follow_the_leader_ws/build/ftl_navigation_pkg/install.log'
[5.987s] Invoked command in '/root/deepracer_ws/aws-deepracer-follow-the-leader-sample-project/deepracer_follow_the_leader_ws/ftl_navigation_pkg' returned '0': AMENT_PREFIX_PATH=/root/deepracer_ws/aws-deepracer-follow-the-leader-sample-project/deepracer_follow_the_leader_ws/install/deepracer_interfaces_pkg:${AMENT_PREFIX_PATH} CMAKE_PREFIX_PATH=/root/deepracer_ws/aws-deepracer-follow-the-leader-sample-project/deepracer_follow_the_leader_ws/install/deepracer_interfaces_pkg LD_LIBRARY_PATH=/root/deepracer_ws/aws-deepracer-follow-the-leader-sample-project/deepracer_follow_the_leader_ws/install/deepracer_interfaces_pkg/lib:${LD_LIBRARY_PATH} PYTHONPATH=/root/deepracer_ws/aws-deepracer-follow-the-leader-sample-project/deepracer_follow_the_leader_ws/build/ftl_navigation_pkg/prefix_override:/root/deepracer_ws/aws-deepracer-follow-the-leader-sample-project/deepracer_follow_the_leader_ws/install/ftl_navigation_pkg/lib/python3.8/site-packages:/root/deepracer_ws/aws-deepracer-follow-the-leader-sample-project/deepracer_follow_the_leader_ws/install/deepracer_interfaces_pkg/lib/python3.8/site-packages:${PYTHONPATH} /usr/bin/python3 -W ignore:setup.py install is deprecated setup.py egg_info --egg-base ../build/ftl_navigation_pkg build --build-base /root/deepracer_ws/aws-deepracer-follow-the-leader-sample-project/deepracer_follow_the_leader_ws/build/ftl_navigation_pkg/build install --record /root/deepracer_ws/aws-deepracer-follow-the-leader-sample-project/deepracer_follow_the_leader_ws/build/ftl_navigation_pkg/install.log --install-scripts $base/lib/ftl_navigation_pkg --single-version-externally-managed install_data
