[0.045s] Invoking command in '/root/deepracer_ws/aws-deepracer-follow-the-leader-sample-project/deepracer_follow_the_leader_ws/build/rplidar_ros': CMAKE_PREFIX_PATH=/opt/ros/foxy /usr/bin/cmake --build /root/deepracer_ws/aws-deepracer-follow-the-leader-sample-project/deepracer_follow_the_leader_ws/build/rplidar_ros -- -j2 -l2
[0.370s] [  5%] Built target rplidar_client
[0.381s] [ 52%] Built target rplidar_composition
[0.644s] [100%] Built target rplidar_node
[0.684s] Invoked command in '/root/deepracer_ws/aws-deepracer-follow-the-leader-sample-project/deepracer_follow_the_leader_ws/build/rplidar_ros' returned '0': CMAKE_PREFIX_PATH=/opt/ros/foxy /usr/bin/cmake --build /root/deepracer_ws/aws-deepracer-follow-the-leader-sample-project/deepracer_follow_the_leader_ws/build/rplidar_ros -- -j2 -l2
[0.903s] Invoking command in '/root/deepracer_ws/aws-deepracer-follow-the-leader-sample-project/deepracer_follow_the_leader_ws/build/rplidar_ros': CMAKE_PREFIX_PATH=/opt/ros/foxy /usr/bin/cmake --install /root/deepracer_ws/aws-deepracer-follow-the-leader-sample-project/deepracer_follow_the_leader_ws/build/rplidar_ros
[1.091s] -- Install configuration: ""
[1.094s] -- Up-to-date: /root/deepracer_ws/aws-deepracer-follow-the-leader-sample-project/deepracer_follow_the_leader_ws/install/rplidar_ros/share/rplidar_ros/launch
[1.095s] -- Up-to-date: /root/deepracer_ws/aws-deepracer-follow-the-leader-sample-project/deepracer_follow_the_leader_ws/install/rplidar_ros/share/rplidar_ros/launch/rplidar_a1_launch.py
[1.096s] -- Up-to-date: /root/deepracer_ws/aws-deepracer-follow-the-leader-sample-project/deepracer_follow_the_leader_ws/install/rplidar_ros/share/rplidar_ros/launch/rplidar_a2m12_launch.py
[1.097s] -- Up-to-date: /root/deepracer_ws/aws-deepracer-follow-the-leader-sample-project/deepracer_follow_the_leader_ws/install/rplidar_ros/share/rplidar_ros/launch/rplidar_a2m7_launch.py
[1.097s] -- Up-to-date: /root/deepracer_ws/aws-deepracer-follow-the-leader-sample-project/deepracer_follow_the_leader_ws/install/rplidar_ros/share/rplidar_ros/launch/rplidar_a2m8_launch.py
[1.098s] -- Up-to-date: /root/deepracer_ws/aws-deepracer-follow-the-leader-sample-project/deepracer_follow_the_leader_ws/install/rplidar_ros/share/rplidar_ros/launch/rplidar_a3_launch.py
[1.098s] -- Up-to-date: /root/deepracer_ws/aws-deepracer-follow-the-leader-sample-project/deepracer_follow_the_leader_ws/install/rplidar_ros/share/rplidar_ros/launch/rplidar_c1_launch.py
[1.099s] -- Up-to-date: /root/deepracer_ws/aws-deepracer-follow-the-leader-sample-project/deepracer_follow_the_leader_ws/install/rplidar_ros/share/rplidar_ros/launch/rplidar_s1_launch.py
[1.099s] -- Up-to-date: /root/deepracer_ws/aws-deepracer-follow-the-leader-sample-project/deepracer_follow_the_leader_ws/install/rplidar_ros/share/rplidar_ros/launch/rplidar_s1_tcp_launch.py
[1.100s] -- Up-to-date: /root/deepracer_ws/aws-deepracer-follow-the-leader-sample-project/deepracer_follow_the_leader_ws/install/rplidar_ros/share/rplidar_ros/launch/rplidar_s2_launch.py
[1.101s] -- Up-to-date: /root/deepracer_ws/aws-deepracer-follow-the-leader-sample-project/deepracer_follow_the_leader_ws/install/rplidar_ros/share/rplidar_ros/launch/rplidar_s2e_launch.py
[1.101s] -- Up-to-date: /root/deepracer_ws/aws-deepracer-follow-the-leader-sample-project/deepracer_follow_the_leader_ws/install/rplidar_ros/share/rplidar_ros/launch/rplidar_s3_launch.py
[1.101s] -- Up-to-date: /root/deepracer_ws/aws-deepracer-follow-the-leader-sample-project/deepracer_follow_the_leader_ws/install/rplidar_ros/share/rplidar_ros/launch/rplidar_t1_launch.py
[1.102s] -- Up-to-date: /root/deepracer_ws/aws-deepracer-follow-the-leader-sample-project/deepracer_follow_the_leader_ws/install/rplidar_ros/share/rplidar_ros/launch/view_rplidar_a1_launch.py
[1.102s] -- Up-to-date: /root/deepracer_ws/aws-deepracer-follow-the-leader-sample-project/deepracer_follow_the_leader_ws/install/rplidar_ros/share/rplidar_ros/launch/view_rplidar_a2m12_launch.py
[1.103s] -- Up-to-date: /root/deepracer_ws/aws-deepracer-follow-the-leader-sample-project/deepracer_follow_the_leader_ws/install/rplidar_ros/share/rplidar_ros/launch/view_rplidar_a2m7_launch.py
[1.104s] -- Up-to-date: /root/deepracer_ws/aws-deepracer-follow-the-leader-sample-project/deepracer_follow_the_leader_ws/install/rplidar_ros/share/rplidar_ros/launch/view_rplidar_a2m8_launch.py
[1.104s] -- Up-to-date: /root/deepracer_ws/aws-deepracer-follow-the-leader-sample-project/deepracer_follow_the_leader_ws/install/rplidar_ros/share/rplidar_ros/launch/view_rplidar_a3_launch.py
[1.105s] -- Up-to-date: /root/deepracer_ws/aws-deepracer-follow-the-leader-sample-project/deepracer_follow_the_leader_ws/install/rplidar_ros/share/rplidar_ros/launch/view_rplidar_c1_launch.py
[1.106s] -- Up-to-date: /root/deepracer_ws/aws-deepracer-follow-the-leader-sample-project/deepracer_follow_the_leader_ws/install/rplidar_ros/share/rplidar_ros/launch/view_rplidar_s1_launch.py
[1.106s] -- Up-to-date: /root/deepracer_ws/aws-deepracer-follow-the-leader-sample-project/deepracer_follow_the_leader_ws/install/rplidar_ros/share/rplidar_ros/launch/view_rplidar_s1_tcp_launch.py
[1.107s] -- Up-to-date: /root/deepracer_ws/aws-deepracer-follow-the-leader-sample-project/deepracer_follow_the_leader_ws/install/rplidar_ros/share/rplidar_ros/launch/view_rplidar_s2_launch.py
[1.108s] -- Up-to-date: /root/deepracer_ws/aws-deepracer-follow-the-leader-sample-project/deepracer_follow_the_leader_ws/install/rplidar_ros/share/rplidar_ros/launch/view_rplidar_s2e_launch.py
[1.108s] -- Up-to-date: /root/deepracer_ws/aws-deepracer-follow-the-leader-sample-project/deepracer_follow_the_leader_ws/install/rplidar_ros/share/rplidar_ros/launch/view_rplidar_s3_launch.py
[1.109s] -- Up-to-date: /root/deepracer_ws/aws-deepracer-follow-the-leader-sample-project/deepracer_follow_the_leader_ws/install/rplidar_ros/share/rplidar_ros/launch/view_rplidar_t1_launch.py
[1.109s] -- Up-to-date: /root/deepracer_ws/aws-deepracer-follow-the-leader-sample-project/deepracer_follow_the_leader_ws/install/rplidar_ros/share/rplidar_ros/rviz
[1.109s] -- Up-to-date: /root/deepracer_ws/aws-deepracer-follow-the-leader-sample-project/deepracer_follow_the_leader_ws/install/rplidar_ros/share/rplidar_ros/rviz/rplidar_ros.rviz
[1.110s] -- Up-to-date: /root/deepracer_ws/aws-deepracer-follow-the-leader-sample-project/deepracer_follow_the_leader_ws/install/rplidar_ros/lib/rplidar_ros/rplidar_node
[1.110s] -- Up-to-date: /root/deepracer_ws/aws-deepracer-follow-the-leader-sample-project/deepracer_follow_the_leader_ws/install/rplidar_ros/lib/rplidar_ros/rplidar_composition
[1.110s] -- Up-to-date: /root/deepracer_ws/aws-deepracer-follow-the-leader-sample-project/deepracer_follow_the_leader_ws/install/rplidar_ros/lib/rplidar_ros/rplidar_client
[1.111s] -- Up-to-date: /root/deepracer_ws/aws-deepracer-follow-the-leader-sample-project/deepracer_follow_the_leader_ws/install/rplidar_ros/share/ament_index/resource_index/package_run_dependencies/rplidar_ros
[1.117s] -- Up-to-date: /root/deepracer_ws/aws-deepracer-follow-the-leader-sample-project/deepracer_follow_the_leader_ws/install/rplidar_ros/share/ament_index/resource_index/parent_prefix_path/rplidar_ros
[1.119s] -- Up-to-date: /root/deepracer_ws/aws-deepracer-follow-the-leader-sample-project/deepracer_follow_the_leader_ws/install/rplidar_ros/share/rplidar_ros/environment/ament_prefix_path.sh
[1.121s] -- Up-to-date: /root/deepracer_ws/aws-deepracer-follow-the-leader-sample-project/deepracer_follow_the_leader_ws/install/rplidar_ros/share/rplidar_ros/environment/ament_prefix_path.dsv
[1.122s] -- Up-to-date: /root/deepracer_ws/aws-deepracer-follow-the-leader-sample-project/deepracer_follow_the_leader_ws/install/rplidar_ros/share/rplidar_ros/environment/path.sh
[1.122s] -- Up-to-date: /root/deepracer_ws/aws-deepracer-follow-the-leader-sample-project/deepracer_follow_the_leader_ws/install/rplidar_ros/share/rplidar_ros/environment/path.dsv
[1.123s] -- Up-to-date: /root/deepracer_ws/aws-deepracer-follow-the-leader-sample-project/deepracer_follow_the_leader_ws/install/rplidar_ros/share/rplidar_ros/local_setup.bash
[1.124s] -- Up-to-date: /root/deepracer_ws/aws-deepracer-follow-the-leader-sample-project/deepracer_follow_the_leader_ws/install/rplidar_ros/share/rplidar_ros/local_setup.sh
[1.124s] -- Up-to-date: /root/deepracer_ws/aws-deepracer-follow-the-leader-sample-project/deepracer_follow_the_leader_ws/install/rplidar_ros/share/rplidar_ros/local_setup.zsh
[1.125s] -- Up-to-date: /root/deepracer_ws/aws-deepracer-follow-the-leader-sample-project/deepracer_follow_the_leader_ws/install/rplidar_ros/share/rplidar_ros/local_setup.dsv
[1.125s] -- Installing: /root/deepracer_ws/aws-deepracer-follow-the-leader-sample-project/deepracer_follow_the_leader_ws/install/rplidar_ros/share/rplidar_ros/package.dsv
[1.126s] -- Up-to-date: /root/deepracer_ws/aws-deepracer-follow-the-leader-sample-project/deepracer_follow_the_leader_ws/install/rplidar_ros/share/ament_index/resource_index/packages/rplidar_ros
[1.126s] -- Up-to-date: /root/deepracer_ws/aws-deepracer-follow-the-leader-sample-project/deepracer_follow_the_leader_ws/install/rplidar_ros/share/rplidar_ros/cmake/ament_cmake_export_dependencies-extras.cmake
[1.129s] -- Up-to-date: /root/deepracer_ws/aws-deepracer-follow-the-leader-sample-project/deepracer_follow_the_leader_ws/install/rplidar_ros/share/rplidar_ros/cmake/ament_cmake_export_include_directories-extras.cmake
[1.130s] -- Up-to-date: /root/deepracer_ws/aws-deepracer-follow-the-leader-sample-project/deepracer_follow_the_leader_ws/install/rplidar_ros/share/rplidar_ros/cmake/rplidar_rosConfig.cmake
[1.131s] -- Up-to-date: /root/deepracer_ws/aws-deepracer-follow-the-leader-sample-project/deepracer_follow_the_leader_ws/install/rplidar_ros/share/rplidar_ros/cmake/rplidar_rosConfig-version.cmake
[1.134s] -- Up-to-date: /root/deepracer_ws/aws-deepracer-follow-the-leader-sample-project/deepracer_follow_the_leader_ws/install/rplidar_ros/share/rplidar_ros/package.xml
[1.135s] Invoked command in '/root/deepracer_ws/aws-deepracer-follow-the-leader-sample-project/deepracer_follow_the_leader_ws/build/rplidar_ros' returned '0': CMAKE_PREFIX_PATH=/opt/ros/foxy /usr/bin/cmake --install /root/deepracer_ws/aws-deepracer-follow-the-leader-sample-project/deepracer_follow_the_leader_ws/build/rplidar_ros
