[3.310s] Invoking command in '/root/deepracer_ws/aws-deepracer-follow-the-leader-sample-project/deepracer_follow_the_leader_ws/aws-deepracer-device-info-pkg/device_info_pkg': AMENT_PREFIX_PATH=/root/deepracer_ws/aws-deepracer-follow-the-leader-sample-project/deepracer_follow_the_leader_ws/install/deepracer_interfaces_pkg:${AMENT_PREFIX_PATH} CMAKE_PREFIX_PATH=/root/deepracer_ws/aws-deepracer-follow-the-leader-sample-project/deepracer_follow_the_leader_ws/install/deepracer_interfaces_pkg LD_LIBRARY_PATH=/root/deepracer_ws/aws-deepracer-follow-the-leader-sample-project/deepracer_follow_the_leader_ws/install/deepracer_interfaces_pkg/lib:${LD_LIBRARY_PATH} PYTHONPATH=/root/deepracer_ws/aws-deepracer-follow-the-leader-sample-project/deepracer_follow_the_leader_ws/build/device_info_pkg/prefix_override:/root/deepracer_ws/aws-deepracer-follow-the-leader-sample-project/deepracer_follow_the_leader_ws/install/device_info_pkg/lib/python3.8/site-packages:/root/deepracer_ws/aws-deepracer-follow-the-leader-sample-project/deepracer_follow_the_leader_ws/install/deepracer_interfaces_pkg/lib/python3.8/site-packages:${PYTHONPATH} /usr/bin/python3 -W ignore:setup.py install is deprecated setup.py egg_info --egg-base ../../build/device_info_pkg build --build-base /root/deepracer_ws/aws-deepracer-follow-the-leader-sample-project/deepracer_follow_the_leader_ws/build/device_info_pkg/build install --record /root/deepracer_ws/aws-deepracer-follow-the-leader-sample-project/deepracer_follow_the_leader_ws/build/device_info_pkg/install.log --install-scripts $base/lib/device_info_pkg --single-version-externally-managed install_data
[4.390s] running egg_info
[4.397s] writing ../../build/device_info_pkg/device_info_pkg.egg-info/PKG-INFO
[4.398s] writing dependency_links to ../../build/device_info_pkg/device_info_pkg.egg-info/dependency_links.txt
[4.398s] writing entry points to ../../build/device_info_pkg/device_info_pkg.egg-info/entry_points.txt
[4.399s] writing requirements to ../../build/device_info_pkg/device_info_pkg.egg-info/requires.txt
[4.399s] writing top-level names to ../../build/device_info_pkg/device_info_pkg.egg-info/top_level.txt
[4.576s] reading manifest file '../../build/device_info_pkg/device_info_pkg.egg-info/SOURCES.txt'
[4.589s] writing manifest file '../../build/device_info_pkg/device_info_pkg.egg-info/SOURCES.txt'
[4.590s] running build
[4.590s] running build_py
[4.590s] running install
[4.593s] running install_lib
[4.754s] running install_data
[4.758s] running install_egg_info
[4.762s] removing '/root/deepracer_ws/aws-deepracer-follow-the-leader-sample-project/deepracer_follow_the_leader_ws/install/device_info_pkg/lib/python3.8/site-packages/device_info_pkg-0.0.1-py3.8.egg-info' (and everything under it)
[4.764s] Copying ../../build/device_info_pkg/device_info_pkg.egg-info to /root/deepracer_ws/aws-deepracer-follow-the-leader-sample-project/deepracer_follow_the_leader_ws/install/device_info_pkg/lib/python3.8/site-packages/device_info_pkg-0.0.1-py3.8.egg-info
[4.767s] running install_scripts
[4.853s] Installing device_info_node script to /root/deepracer_ws/aws-deepracer-follow-the-leader-sample-project/deepracer_follow_the_leader_ws/install/device_info_pkg/lib/device_info_pkg
[4.854s] writing list of installed files to '/root/deepracer_ws/aws-deepracer-follow-the-leader-sample-project/deepracer_follow_the_leader_ws/build/device_info_pkg/install.log'
[4.940s] Invoked command in '/root/deepracer_ws/aws-deepracer-follow-the-leader-sample-project/deepracer_follow_the_leader_ws/aws-deepracer-device-info-pkg/device_info_pkg' returned '0': AMENT_PREFIX_PATH=/root/deepracer_ws/aws-deepracer-follow-the-leader-sample-project/deepracer_follow_the_leader_ws/install/deepracer_interfaces_pkg:${AMENT_PREFIX_PATH} CMAKE_PREFIX_PATH=/root/deepracer_ws/aws-deepracer-follow-the-leader-sample-project/deepracer_follow_the_leader_ws/install/deepracer_interfaces_pkg LD_LIBRARY_PATH=/root/deepracer_ws/aws-deepracer-follow-the-leader-sample-project/deepracer_follow_the_leader_ws/install/deepracer_interfaces_pkg/lib:${LD_LIBRARY_PATH} PYTHONPATH=/root/deepracer_ws/aws-deepracer-follow-the-leader-sample-project/deepracer_follow_the_leader_ws/build/device_info_pkg/prefix_override:/root/deepracer_ws/aws-deepracer-follow-the-leader-sample-project/deepracer_follow_the_leader_ws/install/device_info_pkg/lib/python3.8/site-packages:/root/deepracer_ws/aws-deepracer-follow-the-leader-sample-project/deepracer_follow_the_leader_ws/install/deepracer_interfaces_pkg/lib/python3.8/site-packages:${PYTHONPATH} /usr/bin/python3 -W ignore:setup.py install is deprecated setup.py egg_info --egg-base ../../build/device_info_pkg build --build-base /root/deepracer_ws/aws-deepracer-follow-the-leader-sample-project/deepracer_follow_the_leader_ws/build/device_info_pkg/build install --record /root/deepracer_ws/aws-deepracer-follow-the-leader-sample-project/deepracer_follow_the_leader_ws/build/device_info_pkg/install.log --install-scripts $base/lib/device_info_pkg --single-version-externally-managed install_data
