[4.091s] Invoking command in '/root/deepracer_ws/aws-deepracer-follow-the-leader-sample-project/deepracer_follow_the_leader_ws/aws-deepracer-navigation-pkg/deepracer_navigation_pkg': AMENT_PREFIX_PATH=/root/deepracer_ws/aws-deepracer-follow-the-leader-sample-project/deepracer_follow_the_leader_ws/install/deepracer_interfaces_pkg:${AMENT_PREFIX_PATH} CMAKE_PREFIX_PATH=/root/deepracer_ws/aws-deepracer-follow-the-leader-sample-project/deepracer_follow_the_leader_ws/install/deepracer_interfaces_pkg LD_LIBRARY_PATH=/root/deepracer_ws/aws-deepracer-follow-the-leader-sample-project/deepracer_follow_the_leader_ws/install/deepracer_interfaces_pkg/lib:${LD_LIBRARY_PATH} PYTHONPATH=/root/deepracer_ws/aws-deepracer-follow-the-leader-sample-project/deepracer_follow_the_leader_ws/build/deepracer_navigation_pkg/prefix_override:/root/deepracer_ws/aws-deepracer-follow-the-leader-sample-project/deepracer_follow_the_leader_ws/install/deepracer_navigation_pkg/lib/python3.8/site-packages:/root/deepracer_ws/aws-deepracer-follow-the-leader-sample-project/deepracer_follow_the_leader_ws/install/deepracer_interfaces_pkg/lib/python3.8/site-packages:${PYTHONPATH} /usr/bin/python3 -W ignore:setup.py install is deprecated setup.py egg_info --egg-base ../../build/deepracer_navigation_pkg build --build-base /root/deepracer_ws/aws-deepracer-follow-the-leader-sample-project/deepracer_follow_the_leader_ws/build/deepracer_navigation_pkg/build install --record /root/deepracer_ws/aws-deepracer-follow-the-leader-sample-project/deepracer_follow_the_leader_ws/build/deepracer_navigation_pkg/install.log --install-scripts $base/lib/deepracer_navigation_pkg --single-version-externally-managed install_data
[5.210s] running egg_info
[5.214s] writing ../../build/deepracer_navigation_pkg/deepracer_navigation_pkg.egg-info/PKG-INFO
[5.216s] writing dependency_links to ../../build/deepracer_navigation_pkg/deepracer_navigation_pkg.egg-info/dependency_links.txt
[5.218s] writing entry points to ../../build/deepracer_navigation_pkg/deepracer_navigation_pkg.egg-info/entry_points.txt
[5.226s] writing requirements to ../../build/deepracer_navigation_pkg/deepracer_navigation_pkg.egg-info/requires.txt
[5.226s] writing top-level names to ../../build/deepracer_navigation_pkg/deepracer_navigation_pkg.egg-info/top_level.txt
[5.530s] reading manifest file '../../build/deepracer_navigation_pkg/deepracer_navigation_pkg.egg-info/SOURCES.txt'
[5.534s] writing manifest file '../../build/deepracer_navigation_pkg/deepracer_navigation_pkg.egg-info/SOURCES.txt'
[5.536s] running build
[5.536s] running build_py
[5.689s] running install
[5.694s] running install_lib
[5.701s] running install_data
[5.704s] running install_egg_info
[5.711s] removing '/root/deepracer_ws/aws-deepracer-follow-the-leader-sample-project/deepracer_follow_the_leader_ws/install/deepracer_navigation_pkg/lib/python3.8/site-packages/deepracer_navigation_pkg-0.0.1-py3.8.egg-info' (and everything under it)
[5.713s] Copying ../../build/deepracer_navigation_pkg/deepracer_navigation_pkg.egg-info to /root/deepracer_ws/aws-deepracer-follow-the-leader-sample-project/deepracer_follow_the_leader_ws/install/deepracer_navigation_pkg/lib/python3.8/site-packages/deepracer_navigation_pkg-0.0.1-py3.8.egg-info
[5.719s] running install_scripts
[5.800s] Installing deepracer_navigation_node script to /root/deepracer_ws/aws-deepracer-follow-the-leader-sample-project/deepracer_follow_the_leader_ws/install/deepracer_navigation_pkg/lib/deepracer_navigation_pkg
[5.803s] writing list of installed files to '/root/deepracer_ws/aws-deepracer-follow-the-leader-sample-project/deepracer_follow_the_leader_ws/build/deepracer_navigation_pkg/install.log'
[5.899s] Invoked command in '/root/deepracer_ws/aws-deepracer-follow-the-leader-sample-project/deepracer_follow_the_leader_ws/aws-deepracer-navigation-pkg/deepracer_navigation_pkg' returned '0': AMENT_PREFIX_PATH=/root/deepracer_ws/aws-deepracer-follow-the-leader-sample-project/deepracer_follow_the_leader_ws/install/deepracer_interfaces_pkg:${AMENT_PREFIX_PATH} CMAKE_PREFIX_PATH=/root/deepracer_ws/aws-deepracer-follow-the-leader-sample-project/deepracer_follow_the_leader_ws/install/deepracer_interfaces_pkg LD_LIBRARY_PATH=/root/deepracer_ws/aws-deepracer-follow-the-leader-sample-project/deepracer_follow_the_leader_ws/install/deepracer_interfaces_pkg/lib:${LD_LIBRARY_PATH} PYTHONPATH=/root/deepracer_ws/aws-deepracer-follow-the-leader-sample-project/deepracer_follow_the_leader_ws/build/deepracer_navigation_pkg/prefix_override:/root/deepracer_ws/aws-deepracer-follow-the-leader-sample-project/deepracer_follow_the_leader_ws/install/deepracer_navigation_pkg/lib/python3.8/site-packages:/root/deepracer_ws/aws-deepracer-follow-the-leader-sample-project/deepracer_follow_the_leader_ws/install/deepracer_interfaces_pkg/lib/python3.8/site-packages:${PYTHONPATH} /usr/bin/python3 -W ignore:setup.py install is deprecated setup.py egg_info --egg-base ../../build/deepracer_navigation_pkg build --build-base /root/deepracer_ws/aws-deepracer-follow-the-leader-sample-project/deepracer_follow_the_leader_ws/build/deepracer_navigation_pkg/build install --record /root/deepracer_ws/aws-deepracer-follow-the-leader-sample-project/deepracer_follow_the_leader_ws/build/deepracer_navigation_pkg/install.log --install-scripts $base/lib/deepracer_navigation_pkg --single-version-externally-managed install_data
