[0.016s] Invoking command in '/root/deepracer_ws/aws-deepracer-follow-the-leader-sample-project/deepracer_follow_the_leader_ws/build/web_video_server': CMAKE_PREFIX_PATH=/opt/ros/foxy:/root/deepracer_ws/aws-deepracer-follow-the-leader-sample-project/deepracer_follow_the_leader_ws/install/async_web_server_cpp LD_LIBRARY_PATH=/root/deepracer_ws/aws-deepracer-follow-the-leader-sample-project/deepracer_follow_the_leader_ws/install/async_web_server_cpp/lib:${LD_LIBRARY_PATH} PKG_CONFIG_PATH=/root/deepracer_ws/aws-deepracer-follow-the-leader-sample-project/deepracer_follow_the_leader_ws/install/async_web_server_cpp/lib/x86_64-linux-gnu/pkgconfig:/root/deepracer_ws/aws-deepracer-follow-the-leader-sample-project/deepracer_follow_the_leader_ws/install/async_web_server_cpp/lib/pkgconfig:/opt/intel/openvino_2021/data_processing/dl_streamer/lib/pkgconfig:/opt/intel/openvino_2021/data_processing/gstreamer/lib/pkgconfig ROS_PACKAGE_PATH=/root/deepracer_ws/aws-deepracer-follow-the-leader-sample-project/deepracer_follow_the_leader_ws/install/async_web_server_cpp/share /usr/bin/cmake /root/deepracer_ws/aws-deepracer-follow-the-leader-sample-project/deepracer_follow_the_leader_ws/web_video_server -DCMAKE_INSTALL_PREFIX=/root/deepracer_ws/aws-deepracer-follow-the-leader-sample-project/deepracer_follow_the_leader_ws/install/web_video_server
[0.203s] -- The C compiler identification is GNU 9.3.0
[0.381s] -- The CXX compiler identification is GNU 9.3.0
[0.442s] -- Check for working C compiler: /usr/bin/cc
[0.660s] -- Check for working C compiler: /usr/bin/cc -- works
[0.664s] -- Detecting C compiler ABI info
[1.040s] -- Detecting C compiler ABI info - done
[1.088s] -- Detecting C compile features
[1.090s] -- Detecting C compile features - done
[1.101s] -- Check for working CXX compiler: /usr/bin/c++
[1.356s] -- Check for working CXX compiler: /usr/bin/c++ -- works
[1.360s] -- Detecting CXX compiler ABI info
[1.764s] -- Detecting CXX compiler ABI info - done
[1.810s] -- Detecting CXX compile features
[1.813s] -- Detecting CXX compile features - done
[1.821s] -- Found ament_cmake_ros: 0.9.1 (/opt/ros/foxy/share/ament_cmake_ros/cmake)
[1.926s] -- Found PythonInterp: /usr/bin/python3 (found suitable version "3.8.5", minimum required is "3") 
[1.927s] -- Using PYTHON_EXECUTABLE: /usr/bin/python3
[2.885s] -- Found async_web_server_cpp: 1.0.0 (/root/deepracer_ws/aws-deepracer-follow-the-leader-sample-project/deepracer_follow_the_leader_ws/install/async_web_server_cpp/share/async_web_server_cpp/cmake)
[3.411s] -- Found cv_bridge: 2.2.1 (/opt/ros/foxy/share/cv_bridge/cmake)
[3.447s] -- Found image_transport: 2.3.0 (/opt/ros/foxy/share/image_transport/cmake)
[3.589s] -- Using all available rosidl_typesupport_c: rosidl_typesupport_fastrtps_c;rosidl_typesupport_introspection_c
[3.611s] -- Found rosidl_adapter: 1.2.0 (/opt/ros/foxy/share/rosidl_adapter/cmake)
[3.682s] -- Found OpenSSL: /usr/lib/x86_64-linux-gnu/libcrypto.so (found version "1.1.1f")  
[3.775s] -- Found FastRTPS: /opt/ros/foxy/include  
[4.045s] -- Using all available rosidl_typesupport_cpp: rosidl_typesupport_fastrtps_cpp;rosidl_typesupport_introspection_cpp
[4.243s] -- Found rmw_implementation_cmake: 1.0.2 (/opt/ros/foxy/share/rmw_implementation_cmake/cmake)
[4.248s] -- Using RMW implementation 'rmw_fastrtps_cpp' as default
[4.251s] -- Looking for pthread.h
[4.480s] -- Looking for pthread.h - found
[4.481s] -- Performing Test CMAKE_HAVE_LIBC_PTHREAD
[4.712s] -- Performing Test CMAKE_HAVE_LIBC_PTHREAD - Failed
[4.713s] -- Looking for pthread_create in pthreads
[4.883s] -- Looking for pthread_create in pthreads - not found
[4.883s] -- Looking for pthread_create in pthread
[5.104s] -- Looking for pthread_create in pthread - found
[5.107s] -- Found Threads: TRUE  
[6.409s] -- Found OpenCV: /opt/intel/openvino_2021.1.110/opencv (found version "4.5.0") 
[6.446s] -- Found Boost: /usr/lib/x86_64-linux-gnu/cmake/Boost-1.71.0/BoostConfig.cmake (found version "1.71.0") found components: thread 
[6.460s] -- Found PkgConfig: /usr/bin/pkg-config (found version "0.29.1") 
[6.462s] -- Checking for module 'libavcodec'
[6.515s] --   Found libavcodec, version 58.54.100
[6.633s] -- Checking for module 'libavformat'
[6.679s] --   Found libavformat, version 58.29.100
[6.798s] -- Checking for module 'libavutil'
[6.844s] --   Found libavutil, version 56.31.100
[6.957s] -- Checking for module 'libswscale'
[7.003s] --   Found libswscale, version 5.5.100
[7.697s] -- Configuring done
[7.770s] -- Generating done
[7.777s] -- Build files have been written to: /root/deepracer_ws/aws-deepracer-follow-the-leader-sample-project/deepracer_follow_the_leader_ws/build/web_video_server
[7.807s] Invoked command in '/root/deepracer_ws/aws-deepracer-follow-the-leader-sample-project/deepracer_follow_the_leader_ws/build/web_video_server' returned '0': CMAKE_PREFIX_PATH=/opt/ros/foxy:/root/deepracer_ws/aws-deepracer-follow-the-leader-sample-project/deepracer_follow_the_leader_ws/install/async_web_server_cpp LD_LIBRARY_PATH=/root/deepracer_ws/aws-deepracer-follow-the-leader-sample-project/deepracer_follow_the_leader_ws/install/async_web_server_cpp/lib:${LD_LIBRARY_PATH} PKG_CONFIG_PATH=/root/deepracer_ws/aws-deepracer-follow-the-leader-sample-project/deepracer_follow_the_leader_ws/install/async_web_server_cpp/lib/x86_64-linux-gnu/pkgconfig:/root/deepracer_ws/aws-deepracer-follow-the-leader-sample-project/deepracer_follow_the_leader_ws/install/async_web_server_cpp/lib/pkgconfig:/opt/intel/openvino_2021/data_processing/dl_streamer/lib/pkgconfig:/opt/intel/openvino_2021/data_processing/gstreamer/lib/pkgconfig ROS_PACKAGE_PATH=/root/deepracer_ws/aws-deepracer-follow-the-leader-sample-project/deepracer_follow_the_leader_ws/install/async_web_server_cpp/share /usr/bin/cmake /root/deepracer_ws/aws-deepracer-follow-the-leader-sample-project/deepracer_follow_the_leader_ws/web_video_server -DCMAKE_INSTALL_PREFIX=/root/deepracer_ws/aws-deepracer-follow-the-leader-sample-project/deepracer_follow_the_leader_ws/install/web_video_server
[7.816s] Invoking command in '/root/deepracer_ws/aws-deepracer-follow-the-leader-sample-project/deepracer_follow_the_leader_ws/build/web_video_server': CMAKE_PREFIX_PATH=/opt/ros/foxy:/root/deepracer_ws/aws-deepracer-follow-the-leader-sample-project/deepracer_follow_the_leader_ws/install/async_web_server_cpp LD_LIBRARY_PATH=/root/deepracer_ws/aws-deepracer-follow-the-leader-sample-project/deepracer_follow_the_leader_ws/install/async_web_server_cpp/lib:${LD_LIBRARY_PATH} PKG_CONFIG_PATH=/root/deepracer_ws/aws-deepracer-follow-the-leader-sample-project/deepracer_follow_the_leader_ws/install/async_web_server_cpp/lib/x86_64-linux-gnu/pkgconfig:/root/deepracer_ws/aws-deepracer-follow-the-leader-sample-project/deepracer_follow_the_leader_ws/install/async_web_server_cpp/lib/pkgconfig:/opt/intel/openvino_2021/data_processing/dl_streamer/lib/pkgconfig:/opt/intel/openvino_2021/data_processing/gstreamer/lib/pkgconfig ROS_PACKAGE_PATH=/root/deepracer_ws/aws-deepracer-follow-the-leader-sample-project/deepracer_follow_the_leader_ws/install/async_web_server_cpp/share /usr/bin/cmake --build /root/deepracer_ws/aws-deepracer-follow-the-leader-sample-project/deepracer_follow_the_leader_ws/build/web_video_server -- -j2 -l2
[7.943s] [35m[1mScanning dependencies of target web_video_server[0m
[8.581s] [  9%] [32mBuilding CXX object CMakeFiles/web_video_server.dir/src/web_video_server.cpp.o[0m
[35.334s] [ 18%] [32mBuilding CXX object CMakeFiles/web_video_server.dir/src/image_streamer.cpp.o[0m
[57.557s] [ 27%] [32mBuilding CXX object CMakeFiles/web_video_server.dir/src/libav_streamer.cpp.o[0m
[74.422s] [01m[K/root/deepracer_ws/aws-deepracer-follow-the-leader-sample-project/deepracer_follow_the_leader_ws/web_video_server/src/libav_streamer.cpp:[m[K In constructor ‘[01m[Kweb_video_server::LibavStreamer::LibavStreamer(const async_web_server_cpp::HttpRequest&, async_web_server_cpp::HttpConnectionPtr, rclcpp::Node::SharedPtr, const string&, const string&, const string&)[m[K’:
[74.422s] [01m[K/root/deepracer_ws/aws-deepracer-follow-the-leader-sample-project/deepracer_follow_the_leader_ws/web_video_server/src/libav_streamer.cpp:65:55:[m[K [01;35m[Kwarning: [m[K‘[01m[Kint av_lockmgr_register(int (*)(void**, AVLockOp))[m[K’ is deprecated [[01;35m[K-Wdeprecated-declarations[m[K]
[74.423s]    65 |   av_lockmgr_register(&ffmpeg_boost_mutex_lock_manager[01;35m[K)[m[K;
[74.423s]       |                                                       [01;35m[K^[m[K
[74.424s] In file included from [01m[K/root/deepracer_ws/aws-deepracer-follow-the-leader-sample-project/deepracer_follow_the_leader_ws/web_video_server/include/web_video_server/libav_streamer.h:11[m[K,
[74.424s]                  from [01m[K/root/deepracer_ws/aws-deepracer-follow-the-leader-sample-project/deepracer_follow_the_leader_ws/web_video_server/src/libav_streamer.cpp:1[m[K:
[74.425s] [01m[K/usr/include/x86_64-linux-gnu/libavcodec/avcodec.h:6163:5:[m[K [01;36m[Knote: [m[Kdeclared here
[74.425s]  6163 | int [01;36m[Kav_lockmgr_register[m[K(int (*cb)(void **mutex, enum AVLockOp op));
[74.425s]       |     [01;36m[K^~~~~~~~~~~~~~~~~~~[m[K
[74.425s] [01m[K/root/deepracer_ws/aws-deepracer-follow-the-leader-sample-project/deepracer_follow_the_leader_ws/web_video_server/src/libav_streamer.cpp:65:55:[m[K [01;35m[Kwarning: [m[K‘[01m[Kint av_lockmgr_register(int (*)(void**, AVLockOp))[m[K’ is deprecated [[01;35m[K-Wdeprecated-declarations[m[K]
[74.426s]    65 |   av_lockmgr_register(&ffmpeg_boost_mutex_lock_manager[01;35m[K)[m[K;
[74.426s]       |                                                       [01;35m[K^[m[K
[74.426s] In file included from [01m[K/root/deepracer_ws/aws-deepracer-follow-the-leader-sample-project/deepracer_follow_the_leader_ws/web_video_server/include/web_video_server/libav_streamer.h:11[m[K,
[74.427s]                  from [01m[K/root/deepracer_ws/aws-deepracer-follow-the-leader-sample-project/deepracer_follow_the_leader_ws/web_video_server/src/libav_streamer.cpp:1[m[K:
[74.427s] [01m[K/usr/include/x86_64-linux-gnu/libavcodec/avcodec.h:6163:5:[m[K [01;36m[Knote: [m[Kdeclared here
[74.427s]  6163 | int [01;36m[Kav_lockmgr_register[m[K(int (*cb)(void **mutex, enum AVLockOp op));
[74.427s]       |     [01;36m[K^~~~~~~~~~~~~~~~~~~[m[K
[74.428s] [01m[K/root/deepracer_ws/aws-deepracer-follow-the-leader-sample-project/deepracer_follow_the_leader_ws/web_video_server/src/libav_streamer.cpp:66:19:[m[K [01;35m[Kwarning: [m[K‘[01m[Kvoid av_register_all()[m[K’ is deprecated [[01;35m[K-Wdeprecated-declarations[m[K]
[74.428s]    66 |   av_register_all([01;35m[K)[m[K;
[74.428s]       |                   [01;35m[K^[m[K
[74.429s] In file included from [01m[K/root/deepracer_ws/aws-deepracer-follow-the-leader-sample-project/deepracer_follow_the_leader_ws/web_video_server/include/web_video_server/libav_streamer.h:12[m[K,
[74.429s]                  from [01m[K/root/deepracer_ws/aws-deepracer-follow-the-leader-sample-project/deepracer_follow_the_leader_ws/web_video_server/src/libav_streamer.cpp:1[m[K:
[74.429s] [01m[K/usr/include/x86_64-linux-gnu/libavformat/avformat.h:2050:6:[m[K [01;36m[Knote: [m[Kdeclared here
[74.429s]  2050 | void [01;36m[Kav_register_all[m[K(void);
[74.430s]       |      [01;36m[K^~~~~~~~~~~~~~~[m[K
[74.430s] [01m[K/root/deepracer_ws/aws-deepracer-follow-the-leader-sample-project/deepracer_follow_the_leader_ws/web_video_server/src/libav_streamer.cpp:66:19:[m[K [01;35m[Kwarning: [m[K‘[01m[Kvoid av_register_all()[m[K’ is deprecated [[01;35m[K-Wdeprecated-declarations[m[K]
[74.430s]    66 |   av_register_all([01;35m[K)[m[K;
[74.436s]       |                   [01;35m[K^[m[K
[74.437s] In file included from [01m[K/root/deepracer_ws/aws-deepracer-follow-the-leader-sample-project/deepracer_follow_the_leader_ws/web_video_server/include/web_video_server/libav_streamer.h:12[m[K,
[74.437s]                  from [01m[K/root/deepracer_ws/aws-deepracer-follow-the-leader-sample-project/deepracer_follow_the_leader_ws/web_video_server/src/libav_streamer.cpp:1[m[K:
[74.437s] [01m[K/usr/include/x86_64-linux-gnu/libavformat/avformat.h:2050:6:[m[K [01;36m[Knote: [m[Kdeclared here
[74.438s]  2050 | void [01;36m[Kav_register_all[m[K(void);
[74.438s]       |      [01;36m[K^~~~~~~~~~~~~~~[m[K
[74.438s] [01m[K/root/deepracer_ws/aws-deepracer-follow-the-leader-sample-project/deepracer_follow_the_leader_ws/web_video_server/src/libav_streamer.cpp:[m[K In member function ‘[01m[Kvirtual void web_video_server::LibavStreamer::initialize(const cv::Mat&)[m[K’:
[74.439s] [01m[K/root/deepracer_ws/aws-deepracer-follow-the-leader-sample-project/deepracer_follow_the_leader_ws/web_video_server/src/libav_streamer.cpp:160:35:[m[K [01;35m[Kwarning: [m[K‘[01m[KAVStream::codec[m[K’ is deprecated [[01;35m[K-Wdeprecated-declarations[m[K]
[74.439s]   160 |   codec_context_ = video_stream_->[01;35m[Kcodec[m[K;
[74.439s]       |                                   [01;35m[K^~~~~[m[K
[74.440s] In file included from [01m[K/root/deepracer_ws/aws-deepracer-follow-the-leader-sample-project/deepracer_follow_the_leader_ws/web_video_server/include/web_video_server/libav_streamer.h:12[m[K,
[74.440s]                  from [01m[K/root/deepracer_ws/aws-deepracer-follow-the-leader-sample-project/deepracer_follow_the_leader_ws/web_video_server/src/libav_streamer.cpp:1[m[K:
[74.440s] [01m[K/usr/include/x86_64-linux-gnu/libavformat/avformat.h:885:21:[m[K [01;36m[Knote: [m[Kdeclared here
[74.440s]   885 |     AVCodecContext *[01;36m[Kcodec[m[K;
[74.441s]       |                     [01;36m[K^~~~~[m[K
[74.441s] [01m[K/root/deepracer_ws/aws-deepracer-follow-the-leader-sample-project/deepracer_follow_the_leader_ws/web_video_server/src/libav_streamer.cpp:160:35:[m[K [01;35m[Kwarning: [m[K‘[01m[KAVStream::codec[m[K’ is deprecated [[01;35m[K-Wdeprecated-declarations[m[K]
[74.441s]   160 |   codec_context_ = video_stream_->[01;35m[Kcodec[m[K;
[74.442s]       |                                   [01;35m[K^~~~~[m[K
[74.442s] In file included from [01m[K/root/deepracer_ws/aws-deepracer-follow-the-leader-sample-project/deepracer_follow_the_leader_ws/web_video_server/include/web_video_server/libav_streamer.h:12[m[K,
[74.442s]                  from [01m[K/root/deepracer_ws/aws-deepracer-follow-the-leader-sample-project/deepracer_follow_the_leader_ws/web_video_server/src/libav_streamer.cpp:1[m[K:
[74.442s] [01m[K/usr/include/x86_64-linux-gnu/libavformat/avformat.h:885:21:[m[K [01;36m[Knote: [m[Kdeclared here
[74.451s]   885 |     AVCodecContext *[01;36m[Kcodec[m[K;
[74.451s]       |                     [01;36m[K^~~~~[m[K
[74.452s] [01m[K/root/deepracer_ws/aws-deepracer-follow-the-leader-sample-project/deepracer_follow_the_leader_ws/web_video_server/src/libav_streamer.cpp:160:35:[m[K [01;35m[Kwarning: [m[K‘[01m[KAVStream::codec[m[K’ is deprecated [[01;35m[K-Wdeprecated-declarations[m[K]
[74.452s]   160 |   codec_context_ = video_stream_->[01;35m[Kcodec[m[K;
[74.452s]       |                                   [01;35m[K^~~~~[m[K
[74.453s] In file included from [01m[K/root/deepracer_ws/aws-deepracer-follow-the-leader-sample-project/deepracer_follow_the_leader_ws/web_video_server/include/web_video_server/libav_streamer.h:12[m[K,
[74.453s]                  from [01m[K/root/deepracer_ws/aws-deepracer-follow-the-leader-sample-project/deepracer_follow_the_leader_ws/web_video_server/src/libav_streamer.cpp:1[m[K:
[74.453s] [01m[K/usr/include/x86_64-linux-gnu/libavformat/avformat.h:885:21:[m[K [01;36m[Knote: [m[Kdeclared here
[74.453s]   885 |     AVCodecContext *[01;36m[Kcodec[m[K;
[74.454s]       |                     [01;36m[K^~~~~[m[K
[79.763s] [ 36%] [32mBuilding CXX object CMakeFiles/web_video_server.dir/src/vp8_streamer.cpp.o[0m
[100.857s] [ 45%] [32mBuilding CXX object CMakeFiles/web_video_server.dir/src/h264_streamer.cpp.o[0m
[121.481s] [ 54%] [32mBuilding CXX object CMakeFiles/web_video_server.dir/src/vp9_streamer.cpp.o[0m
[142.256s] [ 63%] [32mBuilding CXX object CMakeFiles/web_video_server.dir/src/multipart_stream.cpp.o[0m
[157.544s] [ 72%] [32mBuilding CXX object CMakeFiles/web_video_server.dir/src/ros_compressed_streamer.cpp.o[0m
[190.090s] [ 81%] [32mBuilding CXX object CMakeFiles/web_video_server.dir/src/jpeg_streamers.cpp.o[0m
[213.216s] [ 90%] [32mBuilding CXX object CMakeFiles/web_video_server.dir/src/png_streamers.cpp.o[0m
[235.450s] [100%] [32m[1mLinking CXX executable web_video_server[0m
[240.014s] /usr/bin/ld: warning: libopencv_imgcodecs.so.4.2, needed by /opt/ros/foxy/lib/libcv_bridge.so, may conflict with libopencv_imgcodecs.so.4.5
[240.016s] /usr/bin/ld: warning: libopencv_imgproc.so.4.2, needed by /opt/ros/foxy/lib/libcv_bridge.so, may conflict with libopencv_imgproc.so.4.5
[240.016s] /usr/bin/ld: warning: libopencv_core.so.4.2, needed by /opt/ros/foxy/lib/libcv_bridge.so, may conflict with libopencv_core.so.4.5
[240.050s] [100%] Built target web_video_server
[240.083s] Invoked command in '/root/deepracer_ws/aws-deepracer-follow-the-leader-sample-project/deepracer_follow_the_leader_ws/build/web_video_server' returned '0': CMAKE_PREFIX_PATH=/opt/ros/foxy:/root/deepracer_ws/aws-deepracer-follow-the-leader-sample-project/deepracer_follow_the_leader_ws/install/async_web_server_cpp LD_LIBRARY_PATH=/root/deepracer_ws/aws-deepracer-follow-the-leader-sample-project/deepracer_follow_the_leader_ws/install/async_web_server_cpp/lib:${LD_LIBRARY_PATH} PKG_CONFIG_PATH=/root/deepracer_ws/aws-deepracer-follow-the-leader-sample-project/deepracer_follow_the_leader_ws/install/async_web_server_cpp/lib/x86_64-linux-gnu/pkgconfig:/root/deepracer_ws/aws-deepracer-follow-the-leader-sample-project/deepracer_follow_the_leader_ws/install/async_web_server_cpp/lib/pkgconfig:/opt/intel/openvino_2021/data_processing/dl_streamer/lib/pkgconfig:/opt/intel/openvino_2021/data_processing/gstreamer/lib/pkgconfig ROS_PACKAGE_PATH=/root/deepracer_ws/aws-deepracer-follow-the-leader-sample-project/deepracer_follow_the_leader_ws/install/async_web_server_cpp/share /usr/bin/cmake --build /root/deepracer_ws/aws-deepracer-follow-the-leader-sample-project/deepracer_follow_the_leader_ws/build/web_video_server -- -j2 -l2
[240.367s] Invoking command in '/root/deepracer_ws/aws-deepracer-follow-the-leader-sample-project/deepracer_follow_the_leader_ws/build/web_video_server': CMAKE_PREFIX_PATH=/opt/ros/foxy:/root/deepracer_ws/aws-deepracer-follow-the-leader-sample-project/deepracer_follow_the_leader_ws/install/async_web_server_cpp LD_LIBRARY_PATH=/root/deepracer_ws/aws-deepracer-follow-the-leader-sample-project/deepracer_follow_the_leader_ws/install/async_web_server_cpp/lib:${LD_LIBRARY_PATH} PKG_CONFIG_PATH=/root/deepracer_ws/aws-deepracer-follow-the-leader-sample-project/deepracer_follow_the_leader_ws/install/async_web_server_cpp/lib/x86_64-linux-gnu/pkgconfig:/root/deepracer_ws/aws-deepracer-follow-the-leader-sample-project/deepracer_follow_the_leader_ws/install/async_web_server_cpp/lib/pkgconfig:/opt/intel/openvino_2021/data_processing/dl_streamer/lib/pkgconfig:/opt/intel/openvino_2021/data_processing/gstreamer/lib/pkgconfig ROS_PACKAGE_PATH=/root/deepracer_ws/aws-deepracer-follow-the-leader-sample-project/deepracer_follow_the_leader_ws/install/async_web_server_cpp/share /usr/bin/cmake --install /root/deepracer_ws/aws-deepracer-follow-the-leader-sample-project/deepracer_follow_the_leader_ws/build/web_video_server
[240.368s] -- Install configuration: ""
[240.369s] -- Installing: /root/deepracer_ws/aws-deepracer-follow-the-leader-sample-project/deepracer_follow_the_leader_ws/install/web_video_server/lib/web_video_server/web_video_server
[240.369s] -- Set runtime path of "/root/deepracer_ws/aws-deepracer-follow-the-leader-sample-project/deepracer_follow_the_leader_ws/install/web_video_server/lib/web_video_server/web_video_server" to ""
[240.370s] -- Installing: /root/deepracer_ws/aws-deepracer-follow-the-leader-sample-project/deepracer_follow_the_leader_ws/install/web_video_server/include/web_video_server
[240.370s] -- Installing: /root/deepracer_ws/aws-deepracer-follow-the-leader-sample-project/deepracer_follow_the_leader_ws/install/web_video_server/include/web_video_server/h264_streamer.h
[240.371s] -- Installing: /root/deepracer_ws/aws-deepracer-follow-the-leader-sample-project/deepracer_follow_the_leader_ws/install/web_video_server/include/web_video_server/image_streamer.h
[240.371s] -- Installing: /root/deepracer_ws/aws-deepracer-follow-the-leader-sample-project/deepracer_follow_the_leader_ws/install/web_video_server/include/web_video_server/jpeg_streamers.h
[240.372s] -- Installing: /root/deepracer_ws/aws-deepracer-follow-the-leader-sample-project/deepracer_follow_the_leader_ws/install/web_video_server/include/web_video_server/libav_streamer.h
[240.372s] -- Installing: /root/deepracer_ws/aws-deepracer-follow-the-leader-sample-project/deepracer_follow_the_leader_ws/install/web_video_server/include/web_video_server/multipart_stream.h
[240.372s] -- Installing: /root/deepracer_ws/aws-deepracer-follow-the-leader-sample-project/deepracer_follow_the_leader_ws/install/web_video_server/include/web_video_server/png_streamers.h
[240.372s] -- Installing: /root/deepracer_ws/aws-deepracer-follow-the-leader-sample-project/deepracer_follow_the_leader_ws/install/web_video_server/include/web_video_server/ros_compressed_streamer.h
[240.373s] -- Installing: /root/deepracer_ws/aws-deepracer-follow-the-leader-sample-project/deepracer_follow_the_leader_ws/install/web_video_server/include/web_video_server/vp8_streamer.h
[240.373s] -- Installing: /root/deepracer_ws/aws-deepracer-follow-the-leader-sample-project/deepracer_follow_the_leader_ws/install/web_video_server/include/web_video_server/vp9_streamer.h
[240.383s] -- Installing: /root/deepracer_ws/aws-deepracer-follow-the-leader-sample-project/deepracer_follow_the_leader_ws/install/web_video_server/include/web_video_server/web_video_server.h
[240.384s] -- Installing: /root/deepracer_ws/aws-deepracer-follow-the-leader-sample-project/deepracer_follow_the_leader_ws/install/web_video_server/share/ament_index/resource_index/package_run_dependencies/web_video_server
[240.385s] -- Installing: /root/deepracer_ws/aws-deepracer-follow-the-leader-sample-project/deepracer_follow_the_leader_ws/install/web_video_server/share/ament_index/resource_index/parent_prefix_path/web_video_server
[240.385s] -- Installing: /root/deepracer_ws/aws-deepracer-follow-the-leader-sample-project/deepracer_follow_the_leader_ws/install/web_video_server/share/web_video_server/environment/ament_prefix_path.sh
[240.386s] -- Installing: /root/deepracer_ws/aws-deepracer-follow-the-leader-sample-project/deepracer_follow_the_leader_ws/install/web_video_server/share/web_video_server/environment/ament_prefix_path.dsv
[240.387s] -- Installing: /root/deepracer_ws/aws-deepracer-follow-the-leader-sample-project/deepracer_follow_the_leader_ws/install/web_video_server/share/web_video_server/environment/path.sh
[240.387s] -- Installing: /root/deepracer_ws/aws-deepracer-follow-the-leader-sample-project/deepracer_follow_the_leader_ws/install/web_video_server/share/web_video_server/environment/path.dsv
[240.388s] -- Installing: /root/deepracer_ws/aws-deepracer-follow-the-leader-sample-project/deepracer_follow_the_leader_ws/install/web_video_server/share/web_video_server/local_setup.bash
[240.389s] -- Installing: /root/deepracer_ws/aws-deepracer-follow-the-leader-sample-project/deepracer_follow_the_leader_ws/install/web_video_server/share/web_video_server/local_setup.sh
[240.390s] -- Installing: /root/deepracer_ws/aws-deepracer-follow-the-leader-sample-project/deepracer_follow_the_leader_ws/install/web_video_server/share/web_video_server/local_setup.zsh
[240.391s] -- Installing: /root/deepracer_ws/aws-deepracer-follow-the-leader-sample-project/deepracer_follow_the_leader_ws/install/web_video_server/share/web_video_server/local_setup.dsv
[240.392s] -- Installing: /root/deepracer_ws/aws-deepracer-follow-the-leader-sample-project/deepracer_follow_the_leader_ws/install/web_video_server/share/web_video_server/package.dsv
[240.392s] -- Installing: /root/deepracer_ws/aws-deepracer-follow-the-leader-sample-project/deepracer_follow_the_leader_ws/install/web_video_server/share/ament_index/resource_index/packages/web_video_server
[240.393s] -- Installing: /root/deepracer_ws/aws-deepracer-follow-the-leader-sample-project/deepracer_follow_the_leader_ws/install/web_video_server/share/web_video_server/cmake/web_video_serverConfig.cmake
[240.394s] -- Installing: /root/deepracer_ws/aws-deepracer-follow-the-leader-sample-project/deepracer_follow_the_leader_ws/install/web_video_server/share/web_video_server/cmake/web_video_serverConfig-version.cmake
[240.395s] -- Installing: /root/deepracer_ws/aws-deepracer-follow-the-leader-sample-project/deepracer_follow_the_leader_ws/install/web_video_server/share/web_video_server/package.xml
[240.395s] Invoked command in '/root/deepracer_ws/aws-deepracer-follow-the-leader-sample-project/deepracer_follow_the_leader_ws/build/web_video_server' returned '0': CMAKE_PREFIX_PATH=/opt/ros/foxy:/root/deepracer_ws/aws-deepracer-follow-the-leader-sample-project/deepracer_follow_the_leader_ws/install/async_web_server_cpp LD_LIBRARY_PATH=/root/deepracer_ws/aws-deepracer-follow-the-leader-sample-project/deepracer_follow_the_leader_ws/install/async_web_server_cpp/lib:${LD_LIBRARY_PATH} PKG_CONFIG_PATH=/root/deepracer_ws/aws-deepracer-follow-the-leader-sample-project/deepracer_follow_the_leader_ws/install/async_web_server_cpp/lib/x86_64-linux-gnu/pkgconfig:/root/deepracer_ws/aws-deepracer-follow-the-leader-sample-project/deepracer_follow_the_leader_ws/install/async_web_server_cpp/lib/pkgconfig:/opt/intel/openvino_2021/data_processing/dl_streamer/lib/pkgconfig:/opt/intel/openvino_2021/data_processing/gstreamer/lib/pkgconfig ROS_PACKAGE_PATH=/root/deepracer_ws/aws-deepracer-follow-the-leader-sample-project/deepracer_follow_the_leader_ws/install/async_web_server_cpp/share /usr/bin/cmake --install /root/deepracer_ws/aws-deepracer-follow-the-leader-sample-project/deepracer_follow_the_leader_ws/build/web_video_server
