[3.224s] Invoking command in '/root/deepracer_ws/aws-deepracer-follow-the-leader-sample-project/deepracer_follow_the_leader_ws/object_detection_pkg': AMENT_PREFIX_PATH=/root/deepracer_ws/aws-deepracer-follow-the-leader-sample-project/deepracer_follow_the_leader_ws/install/deepracer_interfaces_pkg:${AMENT_PREFIX_PATH} CMAKE_PREFIX_PATH=/root/deepracer_ws/aws-deepracer-follow-the-leader-sample-project/deepracer_follow_the_leader_ws/install/deepracer_interfaces_pkg LD_LIBRARY_PATH=/root/deepracer_ws/aws-deepracer-follow-the-leader-sample-project/deepracer_follow_the_leader_ws/install/deepracer_interfaces_pkg/lib:${LD_LIBRARY_PATH} PYTHONPATH=/root/deepracer_ws/aws-deepracer-follow-the-leader-sample-project/deepracer_follow_the_leader_ws/build/object_detection_pkg/prefix_override:/root/deepracer_ws/aws-deepracer-follow-the-leader-sample-project/deepracer_follow_the_leader_ws/install/object_detection_pkg/lib/python3.8/site-packages:/root/deepracer_ws/aws-deepracer-follow-the-leader-sample-project/deepracer_follow_the_leader_ws/install/deepracer_interfaces_pkg/lib/python3.8/site-packages:${PYTHONPATH} /usr/bin/python3 -W ignore:setup.py install is deprecated setup.py egg_info --egg-base ../build/object_detection_pkg build --build-base /root/deepracer_ws/aws-deepracer-follow-the-leader-sample-project/deepracer_follow_the_leader_ws/build/object_detection_pkg/build install --record /root/deepracer_ws/aws-deepracer-follow-the-leader-sample-project/deepracer_follow_the_leader_ws/build/object_detection_pkg/install.log --install-scripts $base/lib/object_detection_pkg --single-version-externally-managed install_data
[4.469s] running egg_info
[4.472s] writing ../build/object_detection_pkg/object_detection_pkg.egg-info/PKG-INFO
[4.474s] writing dependency_links to ../build/object_detection_pkg/object_detection_pkg.egg-info/dependency_links.txt
[4.476s] writing entry points to ../build/object_detection_pkg/object_detection_pkg.egg-info/entry_points.txt
[4.478s] writing requirements to ../build/object_detection_pkg/object_detection_pkg.egg-info/requires.txt
[4.479s] writing top-level names to ../build/object_detection_pkg/object_detection_pkg.egg-info/top_level.txt
[4.648s] reading manifest file '../build/object_detection_pkg/object_detection_pkg.egg-info/SOURCES.txt'
[4.653s] writing manifest file '../build/object_detection_pkg/object_detection_pkg.egg-info/SOURCES.txt'
[4.654s] running build
[4.655s] running build_py
[4.655s] running install
[4.662s] running install_lib
[4.668s] running install_data
[4.830s] running install_egg_info
[4.840s] removing '/root/deepracer_ws/aws-deepracer-follow-the-leader-sample-project/deepracer_follow_the_leader_ws/install/object_detection_pkg/lib/python3.8/site-packages/object_detection_pkg-0.0.1-py3.8.egg-info' (and everything under it)
[4.840s] Copying ../build/object_detection_pkg/object_detection_pkg.egg-info to /root/deepracer_ws/aws-deepracer-follow-the-leader-sample-project/deepracer_follow_the_leader_ws/install/object_detection_pkg/lib/python3.8/site-packages/object_detection_pkg-0.0.1-py3.8.egg-info
[4.841s] running install_scripts
[4.922s] Installing object_detection_node script to /root/deepracer_ws/aws-deepracer-follow-the-leader-sample-project/deepracer_follow_the_leader_ws/install/object_detection_pkg/lib/object_detection_pkg
[4.924s] writing list of installed files to '/root/deepracer_ws/aws-deepracer-follow-the-leader-sample-project/deepracer_follow_the_leader_ws/build/object_detection_pkg/install.log'
[5.020s] Invoked command in '/root/deepracer_ws/aws-deepracer-follow-the-leader-sample-project/deepracer_follow_the_leader_ws/object_detection_pkg' returned '0': AMENT_PREFIX_PATH=/root/deepracer_ws/aws-deepracer-follow-the-leader-sample-project/deepracer_follow_the_leader_ws/install/deepracer_interfaces_pkg:${AMENT_PREFIX_PATH} CMAKE_PREFIX_PATH=/root/deepracer_ws/aws-deepracer-follow-the-leader-sample-project/deepracer_follow_the_leader_ws/install/deepracer_interfaces_pkg LD_LIBRARY_PATH=/root/deepracer_ws/aws-deepracer-follow-the-leader-sample-project/deepracer_follow_the_leader_ws/install/deepracer_interfaces_pkg/lib:${LD_LIBRARY_PATH} PYTHONPATH=/root/deepracer_ws/aws-deepracer-follow-the-leader-sample-project/deepracer_follow_the_leader_ws/build/object_detection_pkg/prefix_override:/root/deepracer_ws/aws-deepracer-follow-the-leader-sample-project/deepracer_follow_the_leader_ws/install/object_detection_pkg/lib/python3.8/site-packages:/root/deepracer_ws/aws-deepracer-follow-the-leader-sample-project/deepracer_follow_the_leader_ws/install/deepracer_interfaces_pkg/lib/python3.8/site-packages:${PYTHONPATH} /usr/bin/python3 -W ignore:setup.py install is deprecated setup.py egg_info --egg-base ../build/object_detection_pkg build --build-base /root/deepracer_ws/aws-deepracer-follow-the-leader-sample-project/deepracer_follow_the_leader_ws/build/object_detection_pkg/build install --record /root/deepracer_ws/aws-deepracer-follow-the-leader-sample-project/deepracer_follow_the_leader_ws/build/object_detection_pkg/install.log --install-scripts $base/lib/object_detection_pkg --single-version-externally-managed install_data
